生成启动时间为 2019/11/28 19:49:58。
     1>项目“D:\LHY\VSCodeProjects\模拟自然\LB\LB.vcxproj”在节点 2 上(Build 个目标)。
     1>ClCompile:
         D:\SoftWare\VS2015\VC\bin\CL.exe /c /ZI /nologo /W3 /WX- /sdl /Od /Oy- /D _MBCS /Gm /EHsc /RTC1 /MDd /GS /fp:precise /Zc:wchar_t /Zc:forScope /Zc:inline /Fo"Debug\\" /Fd"Debug\vc140.pdb" /Gd /TP /analyze- /errorReport:prompt main_LB.cpp
         main_LB.cpp
     1>d:\lhy\vscodeprojects\模拟自然\lb\main_lb.cpp(183): warning C4018: “<”: 有符号/无符号不匹配
     1>d:\lhy\vscodeprojects\模拟自然\lb\main_lb.cpp(209): warning C4244: “初始化”: 从“float32”转换到“int”，可能丢失数据
     1>d:\lhy\vscodeprojects\模拟自然\lb\main_lb.cpp(210): warning C4244: “初始化”: 从“float32”转换到“int”，可能丢失数据
     1>d:\lhy\vscodeprojects\模拟自然\lb\main_lb.cpp(256): warning C4838: 从“float32”转换到“LONG”需要收缩转换
     1>d:\lhy\vscodeprojects\模拟自然\lb\main_lb.cpp(256): warning C4244: “初始化”: 从“float32”转换到“LONG”，可能丢失数据
     1>d:\lhy\vscodeprojects\模拟自然\lb\main_lb.cpp(323): warning C4244: “初始化”: 从“double”转换到“float”，可能丢失数据
     1>d:\lhy\vscodeprojects\模拟自然\lb\main_lb.cpp(326): warning C4244: “参数”: 从“int”转换到“float32”，可能丢失数据
     1>d:\lhy\vscodeprojects\模拟自然\lb\main_lb.cpp(329): warning C4244: “参数”: 从“float32”转换到“int”，可能丢失数据
     1>d:\lhy\vscodeprojects\模拟自然\lb\main_lb.cpp(330): warning C4244: “参数”: 从“float32”转换到“int”，可能丢失数据
     1>d:\lhy\vscodeprojects\模拟自然\lb\main_lb.cpp(342): warning C4244: “参数”: 从“time_t”转换到“unsigned int”，可能丢失数据
     1>d:\lhy\vscodeprojects\模拟自然\lb\main_lb.cpp(371): warning C4244: “参数”: 从“float32”转换到“DWORD”，可能丢失数据
     1>d:\lhy\vscodeprojects\模拟自然\lb\main_lb.cpp(374): warning C4551: 缺少参数列表的函数调用
       Link:
         D:\SoftWare\VS2015\VC\bin\link.exe /ERRORREPORT:PROMPT /OUT:"D:\LHY\VSCodeProjects\模拟自然\Debug\LB.exe" /INCREMENTAL /NOLOGO /LIBPATH:./lib Box2D.lib kernel32.lib user32.lib gdi32.lib winspool.lib comdlg32.lib advapi32.lib shell32.lib ole32.lib oleaut32.lib uuid.lib odbc32.lib odbccp32.lib /MANIFEST /MANIFESTUAC:"level='asInvoker' uiAccess='false'" /manifest:embed /Debug /PDB:"D:\LHY\VSCodeProjects\模拟自然\Debug\LB.pdb" /TLBID:1 /DYNAMICBASE /NXCOMPAT /IMPLIB:"D:\LHY\VSCodeProjects\模拟自然\Debug\LB.lib" /MACHINE:X86 Debug\main_LB.obj
         Debug\PerlinNoise.obj
         lib\Box2D.lib
         LB.vcxproj -> D:\LHY\VSCodeProjects\模拟自然\Debug\LB.exe
     1>已完成生成项目“D:\LHY\VSCodeProjects\模拟自然\LB\LB.vcxproj”(Build 个目标)的操作。

已成功生成。

已用时间 00:00:00.92
